<?xml version="1.0" encoding="UTF-8"?>
<!-- Generated by org.testng.reporters.JUnitXMLReporter -->
<testsuite hostname="DESKTOP-1G9HVTV" name="Default test" tests="3" failures="0" timestamp="12 Sep 2021 06:58:01 GMT" time="25.257" errors="0">
  <testcase name="TC01" time="1.861" classname="com.d3a.qa.testcases.AllTestCase"/>
  <testcase name="TC02" time="1.547" classname="com.d3a.qa.testcases.AllTestCase"/>
  <testcase name="TC03" time="2.771" classname="com.d3a.qa.testcases.AllTestCase"/>
</testsuite> <!-- Default test -->
